<?xml version="1.0" encoding="UTF-8"?>
<!-- Generated by org.testng.reporters.JUnitReportReporter -->
<testsuite hostname="DESKTOP-0JBNS5R" failures="0" tests="1" name="testlayer.AccountCreationTests" time="0.000" errors="0" timestamp="2021-09-25T13:48:37 EDT" skipped="1">
  <testcase classname="testlayer.AccountCreationTests" name="accountdetails" time="0.000">
    <skipped/>
  </testcase> <!-- accountdetails -->
  <system-out/>
</testsuite> <!-- testlayer.AccountCreationTests -->
