<?xml version="1.0" encoding="UTF-8"?>
<!-- Generated by org.testng.reporters.JUnitReportReporter -->
<testsuite hostname="DESKTOP-0JBNS5R" failures="0" tests="3" name="testlayer.AccountCreationTests" time="19.357" errors="0" timestamp="2021-09-19T10:18:51 EDT" skipped="0">
  <testcase classname="testlayer.AccountCreationTests" name="accountdetails" time="5.722"/>
  <system-out/>
  <testcase classname="testlayer.AccountCreationTests" name="accountdetails" time="5.960"/>
  <system-out/>
  <testcase classname="testlayer.AccountCreationTests" name="accountdetails" time="7.675"/>
  <system-out/>
</testsuite> <!-- testlayer.AccountCreationTests -->
