<?xml version="1.0" encoding="UTF-8"?>
<!-- Generated by org.testng.reporters.JUnitReportReporter -->
<testsuite hostname="DESKTOP-0JBNS5R" failures="0" tests="1" name="testlayer.MyRegistriesTests" time="24.070" errors="0" timestamp="2021-09-25T12:51:50 EDT" skipped="0">
  <testcase classname="testlayer.MyRegistriesTests" name="myregistrybtn" time="24.070"/>
  <system-out/>
</testsuite> <!-- testlayer.MyRegistriesTests -->
